This is pdfTeX, Version 3.14159265-2.6-1.40.16 (TeX Live 2015/Debian) (preloaded format=pdflatex 2019.8.11)  31 JAN 2020 15:10
entering extended mode
 restricted \write18 enabled.
 %&-line parsing enabled.
**presentationJanuary312020.tex
(./presentationJanuary312020.tex
LaTeX2e <2016/02/01>
Babel <3.9q> and hyphenation patterns for 81 language(s) loaded.
(/usr/share/texlive/texmf-dist/tex/latex/beamer/beamer.cls
(/usr/share/texlive/texmf-dist/tex/latex/beamer/beamerbasercs.sty
Package: beamerbasercs 2015/03/08 (rcs-revision 368aa9ba9d38)
)
Document Class: beamer 2015/01/05 3.36 A class for typesetting presentations (r
cs-revision 8a39122e1f63)
(/usr/share/texlive/texmf-dist/tex/latex/beamer/beamerbasemodes.sty
Package: beamerbasemodes 2013/09/03 (rcs-revision 768f2d98ca64)
\beamer@tempbox=\box26
\beamer@tempcount=\count79
\c@beamerpauses=\count80

(/usr/share/texlive/texmf-dist/tex/latex/beamer/beamerbasedecode.sty
Package: beamerbasedecode 2010/05/01 (rcs-revision efa082c6111d)
\beamer@slideinframe=\count81
\beamer@minimum=\count82
)
\beamer@commentbox=\box27
\beamer@modecount=\count83
)
(/usr/share/texlive/texmf-dist/tex/generic/oberdiek/ifpdf.sty
Package: ifpdf 2011/01/30 v2.3 Provides the ifpdf switch (HO)
Package ifpdf Info: pdfTeX in PDF mode is detected.
)
\headheight=\dimen102
\headdp=\dimen103
\footheight=\dimen104
\sidebarheight=\dimen105
\beamer@tempdim=\dimen106
\beamer@finalheight=\dimen107
\beamer@animht=\dimen108
\beamer@animdp=\dimen109
\beamer@animwd=\dimen110
\beamer@leftmargin=\dimen111
\beamer@rightmargin=\dimen112
\beamer@leftsidebar=\dimen113
\beamer@rightsidebar=\dimen114
\beamer@boxsize=\dimen115
\beamer@vboxoffset=\dimen116
\beamer@descdefault=\dimen117
\beamer@descriptionwidth=\dimen118
\beamer@lastskip=\skip41
\beamer@areabox=\box28
\beamer@animcurrent=\box29
\beamer@animshowbox=\box30
\beamer@sectionbox=\box31
\beamer@logobox=\box32
\beamer@linebox=\box33
\beamer@sectioncount=\count84
\beamer@subsubsectionmax=\count85
\beamer@subsectionmax=\count86
\beamer@sectionmax=\count87
\beamer@totalheads=\count88
\beamer@headcounter=\count89
\beamer@partstartpage=\count90
\beamer@sectionstartpage=\count91
\beamer@subsectionstartpage=\count92
\beamer@animationtempa=\count93
\beamer@animationtempb=\count94
\beamer@xpos=\count95
\beamer@ypos=\count96
\beamer@showpartnumber=\count97
\beamer@currentsubsection=\count98
\beamer@coveringdepth=\count99
\beamer@sectionadjust=\count100
\beamer@tocsectionnumber=\count101

(/usr/share/texlive/texmf-dist/tex/latex/beamer/beamerbaseoptions.sty
Package: beamerbaseoptions 2013/03/10 (rcs-revision 47431932db0d)

(/usr/share/texlive/texmf-dist/tex/latex/graphics/keyval.sty
Package: keyval 2014/10/28 v1.15 key=value parser (DPC)
\KV@toks@=\toks14
))
\beamer@paperwidth=\skip42
\beamer@paperheight=\skip43

(/usr/share/texlive/texmf-dist/tex/latex/geometry/geometry.sty
Package: geometry 2010/09/12 v5.6 Page Geometry

(/usr/share/texlive/texmf-dist/tex/generic/oberdiek/ifvtex.sty
Package: ifvtex 2010/03/01 v1.5 Detect VTeX and its facilities (HO)
Package ifvtex Info: VTeX not detected.
)
(/usr/share/texlive/texmf-dist/tex/generic/ifxetex/ifxetex.sty
Package: ifxetex 2010/09/12 v0.6 Provides ifxetex conditional
)
\Gm@cnth=\count102
\Gm@cntv=\count103
\c@Gm@tempcnt=\count104
\Gm@bindingoffset=\dimen119
\Gm@wd@mp=\dimen120
\Gm@odd@mp=\dimen121
\Gm@even@mp=\dimen122
\Gm@layoutwidth=\dimen123
\Gm@layoutheight=\dimen124
\Gm@layouthoffset=\dimen125
\Gm@layoutvoffset=\dimen126
\Gm@dimlist=\toks15
)
(/usr/share/texlive/texmf-dist/tex/latex/base/size11.clo
File: size11.clo 2014/09/29 v1.4h Standard LaTeX file (size option)
)
(/usr/share/texlive/texmf-dist/tex/latex/pgf/basiclayer/pgfcore.sty
(/usr/share/texlive/texmf-dist/tex/latex/graphics/graphicx.sty
Package: graphicx 2014/10/28 v1.0g Enhanced LaTeX Graphics (DPC,SPQR)

(/usr/share/texlive/texmf-dist/tex/latex/graphics/graphics.sty
Package: graphics 2016/01/03 v1.0q Standard LaTeX Graphics (DPC,SPQR)

(/usr/share/texlive/texmf-dist/tex/latex/graphics/trig.sty
Package: trig 2016/01/03 v1.10 sin cos tan (DPC)
)
(/usr/share/texlive/texmf-dist/tex/latex/latexconfig/graphics.cfg
File: graphics.cfg 2010/04/23 v1.9 graphics configuration of TeX Live
)
Package graphics Info: Driver file: pdftex.def on input line 95.

(/usr/share/texlive/texmf-dist/tex/latex/pdftex-def/pdftex.def
File: pdftex.def 2011/05/27 v0.06d Graphics/color for pdfTeX

(/usr/share/texlive/texmf-dist/tex/generic/oberdiek/infwarerr.sty
Package: infwarerr 2010/04/08 v1.3 Providing info/warning/error messages (HO)
)
(/usr/share/texlive/texmf-dist/tex/generic/oberdiek/ltxcmds.sty
Package: ltxcmds 2011/11/09 v1.22 LaTeX kernel commands for general use (HO)
)
\Gread@gobject=\count105
))
\Gin@req@height=\dimen127
\Gin@req@width=\dimen128
)
(/usr/share/texlive/texmf-dist/tex/latex/pgf/systemlayer/pgfsys.sty
(/usr/share/texlive/texmf-dist/tex/latex/pgf/utilities/pgfrcs.sty
(/usr/share/texlive/texmf-dist/tex/generic/pgf/utilities/pgfutil-common.tex
\pgfutil@everybye=\toks16
\pgfutil@tempdima=\dimen129
\pgfutil@tempdimb=\dimen130

(/usr/share/texlive/texmf-dist/tex/generic/pgf/utilities/pgfutil-common-lists.t
ex)) (/usr/share/texlive/texmf-dist/tex/generic/pgf/utilities/pgfutil-latex.def
\pgfutil@abb=\box34
(/usr/share/texlive/texmf-dist/tex/latex/ms/everyshi.sty
Package: everyshi 2001/05/15 v3.00 EveryShipout Package (MS)
))
(/usr/share/texlive/texmf-dist/tex/generic/pgf/utilities/pgfrcs.code.tex
Package: pgfrcs 2015/08/07 v3.0.1a (rcs-revision 1.31)
))
(/usr/share/texlive/texmf-dist/tex/generic/pgf/systemlayer/pgfsys.code.tex
Package: pgfsys 2014/07/09 v3.0.1a (rcs-revision 1.48)

(/usr/share/texlive/texmf-dist/tex/generic/pgf/utilities/pgfkeys.code.tex
\pgfkeys@pathtoks=\toks17
\pgfkeys@temptoks=\toks18

(/usr/share/texlive/texmf-dist/tex/generic/pgf/utilities/pgfkeysfiltered.code.t
ex
\pgfkeys@tmptoks=\toks19
))
\pgf@x=\dimen131
\pgf@y=\dimen132
\pgf@xa=\dimen133
\pgf@ya=\dimen134
\pgf@xb=\dimen135
\pgf@yb=\dimen136
\pgf@xc=\dimen137
\pgf@yc=\dimen138
\w@pgf@writea=\write3
\r@pgf@reada=\read1
\c@pgf@counta=\count106
\c@pgf@countb=\count107
\c@pgf@countc=\count108
\c@pgf@countd=\count109
\t@pgf@toka=\toks20
\t@pgf@tokb=\toks21
\t@pgf@tokc=\toks22
 (/usr/share/texlive/texmf-dist/tex/generic/pgf/systemlayer/pgf.cfg
File: pgf.cfg 2008/05/14  (rcs-revision 1.7)
)
Driver file for pgf: pgfsys-pdftex.def

(/usr/share/texlive/texmf-dist/tex/generic/pgf/systemlayer/pgfsys-pdftex.def
File: pgfsys-pdftex.def 2014/10/11  (rcs-revision 1.35)

(/usr/share/texlive/texmf-dist/tex/generic/pgf/systemlayer/pgfsys-common-pdf.de
f
File: pgfsys-common-pdf.def 2013/10/10  (rcs-revision 1.13)
)))
(/usr/share/texlive/texmf-dist/tex/generic/pgf/systemlayer/pgfsyssoftpath.code.
tex
File: pgfsyssoftpath.code.tex 2013/09/09  (rcs-revision 1.9)
\pgfsyssoftpath@smallbuffer@items=\count110
\pgfsyssoftpath@bigbuffer@items=\count111
)
(/usr/share/texlive/texmf-dist/tex/generic/pgf/systemlayer/pgfsysprotocol.code.
tex
File: pgfsysprotocol.code.tex 2006/10/16  (rcs-revision 1.4)
)) (/usr/share/texlive/texmf-dist/tex/latex/xcolor/xcolor.sty
Package: xcolor 2007/01/21 v2.11 LaTeX color extensions (UK)

(/usr/share/texlive/texmf-dist/tex/latex/latexconfig/color.cfg
File: color.cfg 2007/01/18 v1.5 color configuration of teTeX/TeXLive
)
Package xcolor Info: Driver file: pdftex.def on input line 225.
Package xcolor Info: Model `cmy' substituted by `cmy0' on input line 1337.
Package xcolor Info: Model `hsb' substituted by `rgb' on input line 1341.
Package xcolor Info: Model `RGB' extended on input line 1353.
Package xcolor Info: Model `HTML' substituted by `rgb' on input line 1355.
Package xcolor Info: Model `Hsb' substituted by `hsb' on input line 1356.
Package xcolor Info: Model `tHsb' substituted by `hsb' on input line 1357.
Package xcolor Info: Model `HSB' substituted by `hsb' on input line 1358.
Package xcolor Info: Model `Gray' substituted by `gray' on input line 1359.
Package xcolor Info: Model `wave' substituted by `hsb' on input line 1360.
)
(/usr/share/texlive/texmf-dist/tex/generic/pgf/basiclayer/pgfcore.code.tex
Package: pgfcore 2010/04/11 v3.0.1a (rcs-revision 1.7)

(/usr/share/texlive/texmf-dist/tex/generic/pgf/math/pgfmath.code.tex
(/usr/share/texlive/texmf-dist/tex/generic/pgf/math/pgfmathcalc.code.tex
(/usr/share/texlive/texmf-dist/tex/generic/pgf/math/pgfmathutil.code.tex)
(/usr/share/texlive/texmf-dist/tex/generic/pgf/math/pgfmathparser.code.tex
\pgfmath@dimen=\dimen139
\pgfmath@count=\count112
\pgfmath@box=\box35
\pgfmath@toks=\toks23
\pgfmath@stack@operand=\toks24
\pgfmath@stack@operation=\toks25
)
(/usr/share/texlive/texmf-dist/tex/generic/pgf/math/pgfmathfunctions.code.tex
(/usr/share/texlive/texmf-dist/tex/generic/pgf/math/pgfmathfunctions.basic.code
.tex)
(/usr/share/texlive/texmf-dist/tex/generic/pgf/math/pgfmathfunctions.trigonomet
ric.code.tex)
(/usr/share/texlive/texmf-dist/tex/generic/pgf/math/pgfmathfunctions.random.cod
e.tex)
(/usr/share/texlive/texmf-dist/tex/generic/pgf/math/pgfmathfunctions.comparison
.code.tex)
(/usr/share/texlive/texmf-dist/tex/generic/pgf/math/pgfmathfunctions.base.code.
tex)
(/usr/share/texlive/texmf-dist/tex/generic/pgf/math/pgfmathfunctions.round.code
.tex)
(/usr/share/texlive/texmf-dist/tex/generic/pgf/math/pgfmathfunctions.misc.code.
tex)
(/usr/share/texlive/texmf-dist/tex/generic/pgf/math/pgfmathfunctions.integerari
thmetics.code.tex)))
(/usr/share/texlive/texmf-dist/tex/generic/pgf/math/pgfmathfloat.code.tex
\c@pgfmathroundto@lastzeros=\count113
))
(/usr/share/texlive/texmf-dist/tex/generic/pgf/basiclayer/pgfcorepoints.code.te
x
File: pgfcorepoints.code.tex 2013/10/07  (rcs-revision 1.27)
\pgf@picminx=\dimen140
\pgf@picmaxx=\dimen141
\pgf@picminy=\dimen142
\pgf@picmaxy=\dimen143
\pgf@pathminx=\dimen144
\pgf@pathmaxx=\dimen145
\pgf@pathminy=\dimen146
\pgf@pathmaxy=\dimen147
\pgf@xx=\dimen148
\pgf@xy=\dimen149
\pgf@yx=\dimen150
\pgf@yy=\dimen151
\pgf@zx=\dimen152
\pgf@zy=\dimen153
)
(/usr/share/texlive/texmf-dist/tex/generic/pgf/basiclayer/pgfcorepathconstruct.
code.tex
File: pgfcorepathconstruct.code.tex 2013/10/07  (rcs-revision 1.29)
\pgf@path@lastx=\dimen154
\pgf@path@lasty=\dimen155
)
(/usr/share/texlive/texmf-dist/tex/generic/pgf/basiclayer/pgfcorepathusage.code
.tex
File: pgfcorepathusage.code.tex 2014/11/02  (rcs-revision 1.24)
\pgf@shorten@end@additional=\dimen156
\pgf@shorten@start@additional=\dimen157
)
(/usr/share/texlive/texmf-dist/tex/generic/pgf/basiclayer/pgfcorescopes.code.te
x
File: pgfcorescopes.code.tex 2015/05/08  (rcs-revision 1.46)
\pgfpic=\box36
\pgf@hbox=\box37
\pgf@layerbox@main=\box38
\pgf@picture@serial@count=\count114
)
(/usr/share/texlive/texmf-dist/tex/generic/pgf/basiclayer/pgfcoregraphicstate.c
ode.tex
File: pgfcoregraphicstate.code.tex 2014/11/02  (rcs-revision 1.12)
\pgflinewidth=\dimen158
)
(/usr/share/texlive/texmf-dist/tex/generic/pgf/basiclayer/pgfcoretransformation
s.code.tex
File: pgfcoretransformations.code.tex 2015/08/07  (rcs-revision 1.20)
\pgf@pt@x=\dimen159
\pgf@pt@y=\dimen160
\pgf@pt@temp=\dimen161
)
(/usr/share/texlive/texmf-dist/tex/generic/pgf/basiclayer/pgfcorequick.code.tex
File: pgfcorequick.code.tex 2008/10/09  (rcs-revision 1.3)
)
(/usr/share/texlive/texmf-dist/tex/generic/pgf/basiclayer/pgfcoreobjects.code.t
ex
File: pgfcoreobjects.code.tex 2006/10/11  (rcs-revision 1.2)
)
(/usr/share/texlive/texmf-dist/tex/generic/pgf/basiclayer/pgfcorepathprocessing
.code.tex
File: pgfcorepathprocessing.code.tex 2013/09/09  (rcs-revision 1.9)
)
(/usr/share/texlive/texmf-dist/tex/generic/pgf/basiclayer/pgfcorearrows.code.te
x
File: pgfcorearrows.code.tex 2015/05/14  (rcs-revision 1.43)
\pgfarrowsep=\dimen162
)
(/usr/share/texlive/texmf-dist/tex/generic/pgf/basiclayer/pgfcoreshade.code.tex
File: pgfcoreshade.code.tex 2013/07/15  (rcs-revision 1.15)
\pgf@max=\dimen163
\pgf@sys@shading@range@num=\count115
)
(/usr/share/texlive/texmf-dist/tex/generic/pgf/basiclayer/pgfcoreimage.code.tex
File: pgfcoreimage.code.tex 2013/07/15  (rcs-revision 1.18)

(/usr/share/texlive/texmf-dist/tex/generic/pgf/basiclayer/pgfcoreexternal.code.
tex
File: pgfcoreexternal.code.tex 2014/07/09  (rcs-revision 1.21)
\pgfexternal@startupbox=\box39
))
(/usr/share/texlive/texmf-dist/tex/generic/pgf/basiclayer/pgfcorelayers.code.te
x
File: pgfcorelayers.code.tex 2013/07/18  (rcs-revision 1.7)
)
(/usr/share/texlive/texmf-dist/tex/generic/pgf/basiclayer/pgfcoretransparency.c
ode.tex
File: pgfcoretransparency.code.tex 2013/09/30  (rcs-revision 1.5)
)
(/usr/share/texlive/texmf-dist/tex/generic/pgf/basiclayer/pgfcorepatterns.code.
tex
File: pgfcorepatterns.code.tex 2013/11/07  (rcs-revision 1.5)
))) (/usr/share/texlive/texmf-dist/tex/latex/pgf/utilities/xxcolor.sty
Package: xxcolor 2003/10/24 ver 0.1
\XC@nummixins=\count116
\XC@countmixins=\count117
)
(/usr/share/texlive/texmf-dist/tex/generic/oberdiek/atbegshi.sty
Package: atbegshi 2011/10/05 v1.16 At begin shipout hook (HO)
)
(/usr/share/texlive/texmf-dist/tex/latex/hyperref/hyperref.sty
Package: hyperref 2012/11/06 v6.83m Hypertext links for LaTeX

(/usr/share/texlive/texmf-dist/tex/generic/oberdiek/hobsub-hyperref.sty
Package: hobsub-hyperref 2012/05/28 v1.13 Bundle oberdiek, subset hyperref (HO)


(/usr/share/texlive/texmf-dist/tex/generic/oberdiek/hobsub-generic.sty
Package: hobsub-generic 2012/05/28 v1.13 Bundle oberdiek, subset generic (HO)
Package: hobsub 2012/05/28 v1.13 Construct package bundles (HO)
Package hobsub Info: Skipping package `infwarerr' (already loaded).
Package hobsub Info: Skipping package `ltxcmds' (already loaded).
Package: ifluatex 2010/03/01 v1.3 Provides the ifluatex switch (HO)
Package ifluatex Info: LuaTeX not detected.
Package hobsub Info: Skipping package `ifvtex' (already loaded).
Package: intcalc 2007/09/27 v1.1 Expandable calculations with integers (HO)
Package hobsub Info: Skipping package `ifpdf' (already loaded).
Package: etexcmds 2011/02/16 v1.5 Avoid name clashes with e-TeX commands (HO)
Package etexcmds Info: Could not find \expanded.
(etexcmds)             That can mean that you are not using pdfTeX 1.50 or
(etexcmds)             that some package has redefined \expanded.
(etexcmds)             In the latter case, load this package earlier.
Package: kvsetkeys 2012/04/25 v1.16 Key value parser (HO)
Package: kvdefinekeys 2011/04/07 v1.3 Define keys (HO)
Package: pdftexcmds 2011/11/29 v0.20 Utility functions of pdfTeX for LuaTeX (HO
)
Package pdftexcmds Info: LuaTeX not detected.
Package pdftexcmds Info: \pdf@primitive is available.
Package pdftexcmds Info: \pdf@ifprimitive is available.
Package pdftexcmds Info: \pdfdraftmode found.
Package: pdfescape 2011/11/25 v1.13 Implements pdfTeX's escape features (HO)
Package: bigintcalc 2012/04/08 v1.3 Expandable calculations on big integers (HO
)
Package: bitset 2011/01/30 v1.1 Handle bit-vector datatype (HO)
Package: uniquecounter 2011/01/30 v1.2 Provide unlimited unique counter (HO)
)
Package hobsub Info: Skipping package `hobsub' (already loaded).
Package: letltxmacro 2010/09/02 v1.4 Let assignment for LaTeX macros (HO)
Package: hopatch 2012/05/28 v1.2 Wrapper for package hooks (HO)
Package: xcolor-patch 2011/01/30 xcolor patch
Package: atveryend 2011/06/30 v1.8 Hooks at the very end of document (HO)
Package atveryend Info: \enddocument detected (standard20110627).
Package hobsub Info: Skipping package `atbegshi' (already loaded).
Package: refcount 2011/10/16 v3.4 Data extraction from label references (HO)
Package: hycolor 2011/01/30 v1.7 Color options for hyperref/bookmark (HO)
)
(/usr/share/texlive/texmf-dist/tex/latex/oberdiek/auxhook.sty
Package: auxhook 2011/03/04 v1.3 Hooks for auxiliary files (HO)
)
(/usr/share/texlive/texmf-dist/tex/latex/oberdiek/kvoptions.sty
Package: kvoptions 2011/06/30 v3.11 Key value format for package options (HO)
)
\@linkdim=\dimen164
\Hy@linkcounter=\count118
\Hy@pagecounter=\count119

(/usr/share/texlive/texmf-dist/tex/latex/hyperref/pd1enc.def
File: pd1enc.def 2012/11/06 v6.83m Hyperref: PDFDocEncoding definition (HO)
)
\Hy@SavedSpaceFactor=\count120

(/usr/share/texlive/texmf-dist/tex/latex/latexconfig/hyperref.cfg
File: hyperref.cfg 2002/06/06 v1.2 hyperref configuration of TeXLive
)
Package hyperref Info: Option `bookmarks' set `true' on input line 4319.
Package hyperref Info: Option `bookmarksopen' set `true' on input line 4319.
Package hyperref Info: Option `implicit' set `false' on input line 4319.
Package hyperref Info: Hyper figures OFF on input line 4443.
Package hyperref Info: Link nesting OFF on input line 4448.
Package hyperref Info: Hyper index ON on input line 4451.
Package hyperref Info: Plain pages OFF on input line 4458.
Package hyperref Info: Backreferencing OFF on input line 4463.
Package hyperref Info: Implicit mode OFF; no redefinition of LaTeX internals.
Package hyperref Info: Bookmarks ON on input line 4688.
\c@Hy@tempcnt=\count121

(/usr/share/texlive/texmf-dist/tex/latex/url/url.sty
\Urlmuskip=\muskip10
Package: url 2013/09/16  ver 3.4  Verb mode for urls, etc.
)
LaTeX Info: Redefining \url on input line 5041.
\XeTeXLinkMargin=\dimen165
\Fld@menulength=\count122
\Field@Width=\dimen166
\Fld@charsize=\dimen167
Package hyperref Info: Hyper figures OFF on input line 6295.
Package hyperref Info: Link nesting OFF on input line 6300.
Package hyperref Info: Hyper index ON on input line 6303.
Package hyperref Info: backreferencing OFF on input line 6310.
Package hyperref Info: Link coloring OFF on input line 6315.
Package hyperref Info: Link coloring with OCG OFF on input line 6320.
Package hyperref Info: PDF/A mode OFF on input line 6325.
LaTeX Info: Redefining \ref on input line 6365.
LaTeX Info: Redefining \pageref on input line 6369.
\Hy@abspage=\count123


Package hyperref Message: Stopped early.

)

Package hyperref Message: Driver (autodetected): hpdftex.

(/usr/share/texlive/texmf-dist/tex/latex/hyperref/hpdftex.def
File: hpdftex.def 2012/11/06 v6.83m Hyperref driver for pdfTeX
\Fld@listcount=\count124
\c@bookmark@seq@number=\count125

(/usr/share/texlive/texmf-dist/tex/latex/oberdiek/rerunfilecheck.sty
Package: rerunfilecheck 2011/04/15 v1.7 Rerun checks for auxiliary files (HO)
Package uniquecounter Info: New unique counter `rerunfilecheck' on input line 2
82.
))
(/usr/share/texlive/texmf-dist/tex/latex/beamer/beamerbaserequires.sty
Package: beamerbaserequires 2010/05/01  (rcs-revision efa082c6111d)

(/usr/share/texlive/texmf-dist/tex/latex/beamer/beamerbasecompatibility.sty
Package: beamerbasecompatibility 2012/05/01  (rcs-revision 67c48b3b652d)
)
(/usr/share/texlive/texmf-dist/tex/latex/beamer/beamerbasefont.sty
Package: beamerbasefont 2015/01/05  (rcs-revision b4b4bee242e2)

(/usr/share/texlive/texmf-dist/tex/latex/amsfonts/amssymb.sty
Package: amssymb 2013/01/14 v3.01 AMS font symbols

(/usr/share/texlive/texmf-dist/tex/latex/amsfonts/amsfonts.sty
Package: amsfonts 2013/01/14 v3.01 Basic AMSFonts support
\@emptytoks=\toks26
\symAMSa=\mathgroup4
\symAMSb=\mathgroup5
LaTeX Font Info:    Overwriting math alphabet `\mathfrak' in version `bold'
(Font)                  U/euf/m/n --> U/euf/b/n on input line 106.
))
(/usr/share/texlive/texmf-dist/tex/latex/sansmathaccent/sansmathaccent.sty
Package: sansmathaccent 2013/03/28

(/usr/share/texlive/texmf-dist/tex/latex/filehook/filehook.sty
Package: filehook 2011/10/12 v0.5d Hooks for input files
)))
(/usr/share/texlive/texmf-dist/tex/latex/beamer/beamerbasetranslator.sty
Package: beamerbasetranslator 2010/06/11  (rcs-revision 85fd1cc7fc42)

(/usr/share/texlive/texmf-dist/tex/latex/beamer/translator/translator.sty
Package: translator 2010/06/12 ver 1.10

(/usr/share/texlive/texmf-dist/tex/latex/beamer/translator/translator-language-
mappings.tex)))
(/usr/share/texlive/texmf-dist/tex/latex/beamer/beamerbasemisc.sty
Package: beamerbasemisc 2013/09/03  (rcs-revision a55719c41d85)
)
(/usr/share/texlive/texmf-dist/tex/latex/beamer/beamerbasetwoscreens.sty
Package: beamerbasetwoscreens 2010/05/01  (rcs-revision efa082c6111d)
)
(/usr/share/texlive/texmf-dist/tex/latex/beamer/beamerbaseoverlay.sty
Package: beamerbaseoverlay 2013/12/25  (rcs-revision f6bd5e3805da)
\beamer@argscount=\count126
\beamer@lastskipcover=\skip44
\beamer@trivlistdepth=\count127
)
(/usr/share/texlive/texmf-dist/tex/latex/beamer/beamerbasetitle.sty
Package: beamerbasetitle 2010/09/21  (rcs-revision f0446ed0b6ae)
)
(/usr/share/texlive/texmf-dist/tex/latex/beamer/beamerbasesection.sty
Package: beamerbasesection 2013/06/07  (rcs-revision 60b9fe0f342f)
\c@lecture=\count128
\c@part=\count129
\c@section=\count130
\c@subsection=\count131
\c@subsubsection=\count132
)
(/usr/share/texlive/texmf-dist/tex/latex/beamer/beamerbaseframe.sty
Package: beamerbaseframe 2014/02/20  (rcs-revision 4b8ceeeff434)
\beamer@framebox=\box40
\beamer@frametitlebox=\box41
\beamer@zoombox=\box42
\beamer@zoomcount=\count133
\beamer@zoomframecount=\count134
\beamer@frametextheight=\dimen168
\c@subsectionslide=\count135
\beamer@frametopskip=\skip45
\beamer@framebottomskip=\skip46
\beamer@frametopskipautobreak=\skip47
\beamer@framebottomskipautobreak=\skip48
\beamer@envbody=\toks27
\framewidth=\dimen169
\c@framenumber=\count136
)
(/usr/share/texlive/texmf-dist/tex/latex/beamer/beamerbaseverbatim.sty
Package: beamerbaseverbatim 2015/01/05  (rcs-revision 431510bb5890)
\beamer@verbatimfileout=\write4
)
(/usr/share/texlive/texmf-dist/tex/latex/beamer/beamerbaseframesize.sty
Package: beamerbaseframesize 2011/09/12  (rcs-revision 70f9d8411e54)
\beamer@splitbox=\box43
\beamer@autobreakcount=\count137
\beamer@autobreaklastheight=\dimen170
\beamer@frametitletoks=\toks28
\beamer@framesubtitletoks=\toks29
)
(/usr/share/texlive/texmf-dist/tex/latex/beamer/beamerbaseframecomponents.sty
Package: beamerbaseframecomponents 2013/10/18  (rcs-revision 5cf6c5555a45)
\beamer@footins=\box44
)
(/usr/share/texlive/texmf-dist/tex/latex/beamer/beamerbasecolor.sty
Package: beamerbasecolor 2015/02/21  (rcs-revision d944b04ee2d5)
)
(/usr/share/texlive/texmf-dist/tex/latex/beamer/beamerbasenotes.sty
Package: beamerbasenotes 2012/12/19  (rcs-revision 1686da3db3c9)
\beamer@frameboxcopy=\box45
)
(/usr/share/texlive/texmf-dist/tex/latex/beamer/beamerbasetoc.sty
Package: beamerbasetoc 2015/03/08  (rcs-revision 7270298bbaae)
)
(/usr/share/texlive/texmf-dist/tex/latex/beamer/beamerbasetemplates.sty
Package: beamerbasetemplates 2010/05/01  (rcs-revision efa082c6111d)
\beamer@sbttoks=\toks30

(/usr/share/texlive/texmf-dist/tex/latex/beamer/beamerbaseauxtemplates.sty
Package: beamerbaseauxtemplates 2014/06/30  (rcs-revision 580088513a67)

(/usr/share/texlive/texmf-dist/tex/latex/beamer/beamerbaseboxes.sty
Package: beamerbaseboxes 2012/05/13  (rcs-revision 56972908a390)
\bmb@box=\box46
\bmb@colorbox=\box47
\bmb@boxshadow=\box48
\bmb@boxshadowball=\box49
\bmb@boxshadowballlarge=\box50
\bmb@temp=\dimen171
\bmb@dima=\dimen172
\bmb@dimb=\dimen173
\bmb@prevheight=\dimen174
)
\beamer@blockheadheight=\dimen175
))
(/usr/share/texlive/texmf-dist/tex/latex/beamer/beamerbaselocalstructure.sty
Package: beamerbaselocalstructure 2014/09/10  (rcs-revision 393f6dcff371)

(/usr/share/texlive/texmf-dist/tex/latex/tools/enumerate.sty
Package: enumerate 2015/07/23 v3.00 enumerate extensions (DPC)
\@enLab=\toks31
)
\c@figure=\count138
\c@table=\count139
\abovecaptionskip=\skip49
\belowcaptionskip=\skip50
)
(/usr/share/texlive/texmf-dist/tex/latex/beamer/beamerbasenavigation.sty
Package: beamerbasenavigation 2015/02/27  (rcs-revision 923f4bf87efa)
\beamer@section@min@dim=\dimen176
)
(/usr/share/texlive/texmf-dist/tex/latex/beamer/beamerbasetheorems.sty
Package: beamerbasetheorems 2010/06/06  (rcs-revision 7e7cc5e53e9d)

(/usr/share/texlive/texmf-dist/tex/latex/amsmath/amsmath.sty
Package: amsmath 2016/03/03 v2.15a AMS math features
\@mathmargin=\skip51

For additional information on amsmath, use the `?' option.
(/usr/share/texlive/texmf-dist/tex/latex/amsmath/amstext.sty
Package: amstext 2000/06/29 v2.01 AMS text

(/usr/share/texlive/texmf-dist/tex/latex/amsmath/amsgen.sty
File: amsgen.sty 1999/11/30 v2.0 generic functions
\@emptytoks=\toks32
\ex@=\dimen177
))
(/usr/share/texlive/texmf-dist/tex/latex/amsmath/amsbsy.sty
Package: amsbsy 1999/11/29 v1.2d Bold Symbols
\pmbraise@=\dimen178
)
(/usr/share/texlive/texmf-dist/tex/latex/amsmath/amsopn.sty
Package: amsopn 1999/12/14 v2.01 operator names
)
\inf@bad=\count140
LaTeX Info: Redefining \frac on input line 199.
\uproot@=\count141
\leftroot@=\count142
LaTeX Info: Redefining \overline on input line 297.
\classnum@=\count143
\DOTSCASE@=\count144
LaTeX Info: Redefining \ldots on input line 394.
LaTeX Info: Redefining \dots on input line 397.
LaTeX Info: Redefining \cdots on input line 518.
\Mathstrutbox@=\box51
\strutbox@=\box52
\big@size=\dimen179
LaTeX Font Info:    Redeclaring font encoding OML on input line 630.
LaTeX Font Info:    Redeclaring font encoding OMS on input line 631.
\macc@depth=\count145
\c@MaxMatrixCols=\count146
\dotsspace@=\muskip11
\c@parentequation=\count147
\dspbrk@lvl=\count148
\tag@help=\toks33
\row@=\count149
\column@=\count150
\maxfields@=\count151
\andhelp@=\toks34
\eqnshift@=\dimen180
\alignsep@=\dimen181
\tagshift@=\dimen182
\tagwidth@=\dimen183
\totwidth@=\dimen184
\lineht@=\dimen185
\@envbody=\toks35
\multlinegap=\skip52
\multlinetaggap=\skip53
\mathdisplay@stack=\toks36
LaTeX Info: Redefining \[ on input line 2735.
LaTeX Info: Redefining \] on input line 2736.
)
(/usr/share/texlive/texmf-dist/tex/latex/amscls/amsthm.sty
Package: amsthm 2015/03/04 v2.20.2
\thm@style=\toks37
\thm@bodyfont=\toks38
\thm@headfont=\toks39
\thm@notefont=\toks40
\thm@headpunct=\toks41
\thm@preskip=\skip54
\thm@postskip=\skip55
\thm@headsep=\skip56
\dth@everypar=\toks42
)
\c@theorem=\count152
)
(/usr/share/texlive/texmf-dist/tex/latex/beamer/beamerbasethemes.sty
Package: beamerbasethemes 2010/05/01  (rcs-revision efa082c6111d)
))
(/usr/share/texlive/texmf-dist/tex/latex/beamer/themes/theme/beamerthemedefault
.sty
Package: beamerthemedefault 2010/06/17  (rcs-revision d02a7cf4d8ae)

(/usr/share/texlive/texmf-dist/tex/latex/beamer/themes/font/beamerfontthemedefa
ult.sty
Package: beamerfontthemedefault 2012/12/19  (rcs-revision 1686da3db3c9)
)
(/usr/share/texlive/texmf-dist/tex/latex/beamer/themes/color/beamercolorthemede
fault.sty
Package: beamercolorthemedefault 2012/12/19  (rcs-revision 1686da3db3c9)
)
(/usr/share/texlive/texmf-dist/tex/latex/beamer/themes/inner/beamerinnerthemede
fault.sty
Package: beamerinnerthemedefault 2014/06/30  (rcs-revision 580088513a67)
\beamer@dima=\dimen186
\beamer@dimb=\dimen187
)
(/usr/share/texlive/texmf-dist/tex/latex/beamer/themes/outer/beamerouterthemede
fault.sty
Package: beamerouterthemedefault 2012/12/19  (rcs-revision 1686da3db3c9)
)))
(/usr/share/texlive/texmf-dist/tex/latex/beamer/themes/theme/beamerthemeMadrid.
sty
Package: beamerthemeMadrid 2010/06/17  (rcs-revision d02a7cf4d8ae)

(/usr/share/texlive/texmf-dist/tex/latex/beamer/themes/color/beamercolorthemewh
ale.sty
Package: beamercolorthemewhale 2010/06/17  (rcs-revision d02a7cf4d8ae)
)
(/usr/share/texlive/texmf-dist/tex/latex/beamer/themes/color/beamercolorthemeor
chid.sty
Package: beamercolorthemeorchid 2010/06/17  (rcs-revision d02a7cf4d8ae)
)
(/usr/share/texlive/texmf-dist/tex/latex/beamer/themes/inner/beamerinnerthemero
unded.sty
Package: beamerinnerthemerounded 2010/06/17  (rcs-revision d02a7cf4d8ae)
)
(/usr/share/texlive/texmf-dist/tex/latex/beamer/themes/outer/beamerouterthemein
folines.sty
Package: beamerouterthemeinfolines 2012/10/16  (rcs-revision 51a8c72084af)
)) (/usr/share/texlive/texmf-dist/tex/latex/media9/media9.sty
(/usr/share/texlive/texmf-dist/tex/latex/l3kernel/expl3.sty
Package: expl3 2016/01/19 v6377 L3 programming layer (loader) 

(/usr/share/texlive/texmf-dist/tex/latex/l3kernel/expl3-code.tex
Package: expl3 2016/01/19 v6377 L3 programming layer (code)
L3 Module: l3bootstrap 2016/01/01 v6339 L3 Bootstrap code
L3 Module: l3names 2015/12/21 v6328 L3 Namespace for primitives
L3 Module: l3basics 2015/11/22 v6315 L3 Basic definitions
L3 Module: l3expan 2015/09/10 v5983 L3 Argument expansion
L3 Module: l3tl 2015/09/29 v6121 L3 Token lists
L3 Module: l3str 2016/01/03 v6357 L3 Strings
L3 Module: l3seq 2015/08/05 v5777 L3 Sequences and stacks
L3 Module: l3int 2016/01/05 v6366 L3 Integers
\c_max_int=\count153
\l_tmpa_int=\count154
\l_tmpb_int=\count155
\g_tmpa_int=\count156
\g_tmpb_int=\count157
L3 Module: l3quark 2015/08/17 v5855 L3 Quarks
L3 Module: l3prg 2015/11/01 v6216 L3 Control structures
\g__prg_map_int=\count158
L3 Module: l3clist 2015/09/02 v5901 L3 Comma separated lists
L3 Module: l3token 2015/11/11 v6249 L3 Experimental token manipulation
L3 Module: l3prop 2016/01/05 v6366 L3 Property lists
L3 Module: l3msg 2015/09/28 v6113 L3 Messages
L3 Module: l3file 2015/12/03 v6317 L3 File and I/O operations
\l_iow_line_count_int=\count159
\l__iow_target_count_int=\count160
\l__iow_current_line_int=\count161
\l__iow_current_word_int=\count162
\l__iow_current_indentation_int=\count163
L3 Module: l3skip 2016/01/05 v6366 L3 Dimensions and skips
\c_zero_dim=\dimen188
\c_max_dim=\dimen189
\l_tmpa_dim=\dimen190
\l_tmpb_dim=\dimen191
\g_tmpa_dim=\dimen192
\g_tmpb_dim=\dimen193
\c_zero_skip=\skip57
\c_max_skip=\skip58
\l_tmpa_skip=\skip59
\l_tmpb_skip=\skip60
\g_tmpa_skip=\skip61
\g_tmpb_skip=\skip62
\c_zero_muskip=\muskip12
\c_max_muskip=\muskip13
\l_tmpa_muskip=\muskip14
\l_tmpb_muskip=\muskip15
\g_tmpa_muskip=\muskip16
\g_tmpb_muskip=\muskip17
L3 Module: l3keys 2015/11/17 v6284 L3 Key-value interfaces
\g__keyval_level_int=\count164
\l_keys_choice_int=\count165
L3 Module: l3fp 2015/08/25 v5890 L3 Floating points
\c__fp_leading_shift_int=\count166
\c__fp_middle_shift_int=\count167
\c__fp_trailing_shift_int=\count168
\c__fp_big_leading_shift_int=\count169
\c__fp_big_middle_shift_int=\count170
\c__fp_big_trailing_shift_int=\count171
\c__fp_Bigg_leading_shift_int=\count172
\c__fp_Bigg_middle_shift_int=\count173
\c__fp_Bigg_trailing_shift_int=\count174
L3 Module: l3box 2015/08/09 v5822 L3 Experimental boxes
\c_empty_box=\box53
\l_tmpa_box=\box54
\l_tmpb_box=\box55
\g_tmpa_box=\box56
\g_tmpb_box=\box57
L3 Module: l3coffins 2015/08/06 v5789 L3 Coffin code layer
\l__coffin_internal_box=\box58
\l__coffin_internal_dim=\dimen194
\l__coffin_offset_x_dim=\dimen195
\l__coffin_offset_y_dim=\dimen196
\l__coffin_x_dim=\dimen197
\l__coffin_y_dim=\dimen198
\l__coffin_x_prime_dim=\dimen199
\l__coffin_y_prime_dim=\dimen256
\c_empty_coffin=\box59
\l__coffin_aligned_coffin=\box60
\l__coffin_aligned_internal_coffin=\box61
\l_tmpa_coffin=\box62
\l_tmpb_coffin=\box63
\l__coffin_display_coffin=\box64
\l__coffin_display_coord_coffin=\box65
\l__coffin_display_pole_coffin=\box66
\l__coffin_display_offset_dim=\dimen257
\l__coffin_display_x_dim=\dimen258
\l__coffin_display_y_dim=\dimen259
L3 Module: l3color 2014/08/23 v5354 L3 Experimental color support
L3 Module: l3sys 2015/09/25 v6087 L3 Experimental system/runtime functions
L3 Module: l3candidates 2016/01/14 v6376 L3 Experimental additions to l3kernel
\l__box_top_dim=\dimen260
\l__box_bottom_dim=\dimen261
\l__box_left_dim=\dimen262
\l__box_right_dim=\dimen263
\l__box_top_new_dim=\dimen264
\l__box_bottom_new_dim=\dimen265
\l__box_left_new_dim=\dimen266
\l__box_right_new_dim=\dimen267
\l__box_internal_box=\box67
\l__coffin_bounding_shift_dim=\dimen268
\l__coffin_left_corner_dim=\dimen269
\l__coffin_right_corner_dim=\dimen270
\l__coffin_bottom_corner_dim=\dimen271
\l__coffin_top_corner_dim=\dimen272
\l__coffin_scaled_total_height_dim=\dimen273
\l__coffin_scaled_width_dim=\dimen274
L3 Module: l3luatex 2015/11/11 v6250 L3 Experimental LuaTeX-specific functions
)
(/usr/share/texlive/texmf-dist/tex/latex/l3kernel/l3pdfmode.def
File: l3pdfmode.def 2015/11/11 v6250 L3 Experimental driver: PDF mode
\l__driver_color_stack_int=\count175
))
(/usr/share/texlive/texmf-dist/tex/latex/l3experimental/l3str/l3regex.sty
Package: l3regex 2016/01/19 v6377 L3 Experimental regular expressions

(/usr/share/texlive/texmf-dist/tex/latex/l3experimental/l3str/l3tl-build.sty
Package: l3tl-build 2016/01/19 v6377 L3 Experimental token list construction
\l__tl_build_start_index_int=\count176
\l__tl_build_index_int=\count177
)
(/usr/share/texlive/texmf-dist/tex/latex/l3experimental/l3str/l3tl-analysis.sty
Package: l3tl-analysis 2015/11/09 v6244 L3 Experimental token lists analysis
\l__tl_analysis_normal_int=\count178
\l__tl_analysis_index_int=\count179
\l__tl_analysis_nesting_int=\count180
\l__tl_analysis_type_int=\count181
) (/usr/share/texlive/texmf-dist/tex/latex/l3experimental/l3str/l3flag.sty
Package: l3flag 2016/01/19 v6377 L3 Experimental flags
)
(/usr/share/texlive/texmf-dist/tex/latex/l3experimental/l3str/l3str-convert.sty
Package: l3str-convert 2015/09/26 v6106 L3 Experimental string encoding convers
ions
\l__str_internal_int=\count182
\c__str_replacement_char_int=\count183
)
\l__regex_internal_a_int=\count184
\l__regex_internal_b_int=\count185
\l__regex_internal_c_int=\count186
\l__regex_balance_int=\count187
\l__regex_group_level_int=\count188
\l__regex_mode_int=\count189
\l__regex_catcodes_int=\count190
\l__regex_default_catcodes_int=\count191
\c__regex_catcode_D_int=\count192
\c__regex_catcode_S_int=\count193
\c__regex_catcode_L_int=\count194
\c__regex_catcode_O_int=\count195
\c__regex_catcode_A_int=\count196
\c__regex_all_catcodes_int=\count197
\l__regex_show_lines_int=\count198
\l__regex_min_state_int=\count199
\l__regex_max_state_int=\count266
\l__regex_left_state_int=\count267
\l__regex_right_state_int=\count268
\l__regex_capturing_group_int=\count269
\l__regex_min_pos_int=\count270
\l__regex_max_pos_int=\count271
\l__regex_current_pos_int=\count272
\l__regex_start_pos_int=\count273
\l__regex_success_pos_int=\count274
\l__regex_current_char_int=\count275
\l__regex_current_catcode_int=\count276
\l__regex_last_char_int=\count277
\l__regex_case_changed_char_int=\count278
\l__regex_current_state_int=\count279
\l__regex_step_int=\count280
\l__regex_min_active_int=\count281
\l__regex_max_active_int=\count282
\l__regex_replacement_csnames_int=\count283
\l__regex_match_count_int=\count284
\l__regex_submatch_int=\count285
\l__regex_zeroth_submatch_int=\count286
) (/usr/share/texlive/texmf-dist/tex/latex/l3packages/l3keys2e/l3keys2e.sty
Package: l3keys2e 2016/01/19 v6377 LaTeX2e option processing using LaTeX3 keys
)
(/usr/share/texlive/texmf-dist/tex/latex/l3packages/xparse/xparse.sty
Package: xparse 2016/01/19 v6377 L3 Experimental document command parser
\l__xparse_current_arg_int=\count287
\l__xparse_m_args_int=\count288
\l__xparse_mandatory_args_int=\count289
\l__xparse_processor_int=\count290
\l__xparse_v_nesting_int=\count291
)
(/usr/share/texlive/texmf-dist/tex/latex/oberdiek/atenddvi.sty
Package: atenddvi 2007/04/17 v1.1 At end DVI hook (HO)

(/usr/share/texlive/texmf-dist/tex/latex/oberdiek/zref-abspage.sty
Package: zref-abspage 2012/04/04 v2.24 Module abspage for zref (HO)

(/usr/share/texlive/texmf-dist/tex/latex/oberdiek/zref-base.sty
Package: zref-base 2012/04/04 v2.24 Module base for zref (HO)
Package zref Info: New property list: main on input line 759.
Package zref Info: New property: default on input line 760.
Package zref Info: New property: page on input line 761.
)
\c@abspage=\count292
Package zref Info: New property: abspage on input line 62.
)
(/usr/share/texlive/texmf-dist/tex/latex/oberdiek/zref-lastpage.sty
Package: zref-lastpage 2012/04/04 v2.24 Module lastpage for zref (HO)
Package zref Info: New property list: LastPage on input line 55.
))
Package: media9 2016/03/11 v0.67 acrobat-9/X compatible media
\g_mix_pkgresizeflag_int=\count293

(/usr/share/texlive/texmf-dist/tex/latex/media9/pdfbase.sty
Package: pdfbase 2016/03/11 v0.7 driver independent access to low-level PDF fea
tures
\g_pbs_oc_int=\count294
)
(/usr/share/texlive/texmf-dist/tex/latex/ocgx2/ocgbase.sty
Package: ocgbase 2016/03/11 v0.6 support package for ocgx2.sty
)
\l_mix_poster_box=\box68
\g_mix_wd_dim=\dimen275
\g_mix_ht_dim=\dimen276
\g_mix_dp_dim=\dimen277
\g_mix_rmcnt_int=\count295
\l_mix_viewcnt_int=\count296
\g@mix@page@int=\count297
\g_mix_resizeflag_int=\count298
\l_mix_lineno_int=\count299
.................................................
. LaTeX info: "xparse/define-command"
. 
. Defining command \addmediapath with sig. 'm' on line 818.
.................................................
\l_mix_pbtn_box=\box69
\mix@btn@dim=\dimen278
.................................................
. LaTeX info: "xparse/define-command"
. 
. Defining command \includemedia with sig. 'O{}mm' on line 1210.
.................................................
\g_mix_mbtncnt_int=\count300
.................................................
. LaTeX info: "xparse/define-command"
. 
. Defining command \mediabutton with sig. 'O{}m' on line 2416.
.................................................
)
(/usr/share/texlive/texmf-dist/tex/latex/ms/ragged2e.sty
Package: ragged2e 2009/05/21 v2.1 ragged2e Package (MS)

(/usr/share/texlive/texmf-dist/tex/latex/ms/everysel.sty
Package: everysel 2011/10/28 v1.2 EverySelectfont Package (MS)
)
\CenteringLeftskip=\skip63
\RaggedLeftLeftskip=\skip64
\RaggedRightLeftskip=\skip65
\CenteringRightskip=\skip66
\RaggedLeftRightskip=\skip67
\RaggedRightRightskip=\skip68
\CenteringParfillskip=\skip69
\RaggedLeftParfillskip=\skip70
\RaggedRightParfillskip=\skip71
\JustifyingParfillskip=\skip72
\CenteringParindent=\skip73
\RaggedLeftParindent=\skip74
\RaggedRightParindent=\skip75
\JustifyingParindent=\skip76
)
(/usr/share/texlive/texmf-dist/tex/latex/pgf/frontendlayer/tikz.sty
(/usr/share/texlive/texmf-dist/tex/latex/pgf/basiclayer/pgf.sty
Package: pgf 2015/08/07 v3.0.1a (rcs-revision 1.15)

(/usr/share/texlive/texmf-dist/tex/generic/pgf/modules/pgfmoduleshapes.code.tex
File: pgfmoduleshapes.code.tex 2014/03/21  (rcs-revision 1.35)
\pgfnodeparttextbox=\box70
) (/usr/share/texlive/texmf-dist/tex/generic/pgf/modules/pgfmoduleplot.code.tex
File: pgfmoduleplot.code.tex 2015/08/03  (rcs-revision 1.13)
)
(/usr/share/texlive/texmf-dist/tex/latex/pgf/compatibility/pgfcomp-version-0-65
.sty
Package: pgfcomp-version-0-65 2007/07/03 v3.0.1a (rcs-revision 1.7)
\pgf@nodesepstart=\dimen279
\pgf@nodesepend=\dimen280
)
(/usr/share/texlive/texmf-dist/tex/latex/pgf/compatibility/pgfcomp-version-1-18
.sty
Package: pgfcomp-version-1-18 2007/07/23 v3.0.1a (rcs-revision 1.1)
)) (/usr/share/texlive/texmf-dist/tex/latex/pgf/utilities/pgffor.sty
(/usr/share/texlive/texmf-dist/tex/latex/pgf/utilities/pgfkeys.sty
(/usr/share/texlive/texmf-dist/tex/generic/pgf/utilities/pgfkeys.code.tex))
(/usr/share/texlive/texmf-dist/tex/latex/pgf/math/pgfmath.sty
(/usr/share/texlive/texmf-dist/tex/generic/pgf/math/pgfmath.code.tex))
(/usr/share/texlive/texmf-dist/tex/generic/pgf/utilities/pgffor.code.tex
Package: pgffor 2013/12/13 v3.0.1a (rcs-revision 1.25)

(/usr/share/texlive/texmf-dist/tex/generic/pgf/math/pgfmath.code.tex)
\pgffor@iter=\dimen281
\pgffor@skip=\dimen282
\pgffor@stack=\toks43
\pgffor@toks=\toks44
))
(/usr/share/texlive/texmf-dist/tex/generic/pgf/frontendlayer/tikz/tikz.code.tex
Package: tikz 2015/08/07 v3.0.1a (rcs-revision 1.151)

(/usr/share/texlive/texmf-dist/tex/generic/pgf/libraries/pgflibraryplothandlers
.code.tex
File: pgflibraryplothandlers.code.tex 2013/08/31 v3.0.1a (rcs-revision 1.20)
\pgf@plot@mark@count=\count301
\pgfplotmarksize=\dimen283
)
\tikz@lastx=\dimen284
\tikz@lasty=\dimen285
\tikz@lastxsaved=\dimen286
\tikz@lastysaved=\dimen287
\tikzleveldistance=\dimen288
\tikzsiblingdistance=\dimen289
\tikz@figbox=\box71
\tikz@figbox@bg=\box72
\tikz@tempbox=\box73
\tikz@tempbox@bg=\box74
\tikztreelevel=\count302
\tikznumberofchildren=\count303
\tikznumberofcurrentchild=\count304
\tikz@fig@count=\count305

(/usr/share/texlive/texmf-dist/tex/generic/pgf/modules/pgfmodulematrix.code.tex
File: pgfmodulematrix.code.tex 2013/09/17  (rcs-revision 1.8)
\pgfmatrixcurrentrow=\count306
\pgfmatrixcurrentcolumn=\count307
\pgf@matrix@numberofcolumns=\count308
)
\tikz@expandcount=\count309

(/usr/share/texlive/texmf-dist/tex/generic/pgf/frontendlayer/tikz/libraries/tik
zlibrarytopaths.code.tex
File: tikzlibrarytopaths.code.tex 2008/06/17 v3.0.1a (rcs-revision 1.2)
)))
(/usr/share/texlive/texmf-dist/tex/latex/oberdiek/epstopdf.sty
Package: epstopdf 2010/02/09 v2.5 Conversion with epstopdf on the fly (HO)

(/usr/share/texlive/texmf-dist/tex/latex/oberdiek/epstopdf-base.sty
Package: epstopdf-base 2010/02/09 v2.5 Base part for package epstopdf

(/usr/share/texlive/texmf-dist/tex/latex/oberdiek/grfext.sty
Package: grfext 2010/08/19 v1.1 Manage graphics extensions (HO)
)
Package grfext Info: Graphics extension search list:
(grfext)             [.png,.pdf,.jpg,.mps,.jpeg,.jbig2,.jb2,.PNG,.PDF,.JPG,.JPE
G,.JBIG2,.JB2,.eps]
(grfext)             \AppendGraphicsExtensions on input line 452.

(/usr/share/texlive/texmf-dist/tex/latex/latexconfig/epstopdf-sys.cfg
File: epstopdf-sys.cfg 2010/07/13 v1.3 Configuration of (r)epstopdf for TeX Liv
e
)))
(/usr/share/texlive/texmf-dist/tex/latex/algorithm2e/algorithm2e.sty
Package: algorithm2e 2013/01/06 v5.00 algorithms environments
\c@AlgoLine=\count310

(/usr/share/texlive/texmf-dist/tex/latex/base/ifthen.sty
Package: ifthen 2014/09/29 v1.1c Standard LaTeX ifthen package (DPC)
)
\algocf@hangindent=\skip77

(/usr/share/texlive/texmf-dist/tex/latex/tools/xspace.sty
Package: xspace 2014/10/28 v1.13 Space after command names (DPC,MH)
)
(/usr/share/texlive/texmf-dist/tex/latex/relsize/relsize.sty
Package: relsize 2013/03/29 ver 4.1
)
********************************************************
Package `algorithm2e' Release 5.1 -- october 19 2015 --
- algorithm2e-announce@lirmm.fr mailing list for announcement about releases
- algorithm2e-discussion@lirmm.fr mailing list for discussion about package
subscribe by emailing sympa@lirmm.fr with 'subscribe <list> <firstname name>'
- Author: Christophe Fiorio (christophe.fiorio@umontpellier.fr)
********************************************************
\skiptotal=\skip78
\skiplinenumber=\skip79
\skiprule=\skip80
\skiphlne=\skip81
\skiptext=\skip82
\skiplength=\skip83
\algomargin=\skip84
\skipalgocfslide=\skip85
\algowidth=\dimen290
\inoutsize=\dimen291
\inoutindent=\dimen292
\interspacetitleruled=\dimen293
\interspacealgoruled=\dimen294
\interspacetitleboxruled=\dimen295
\algocf@ruledwidth=\skip86
\algocf@inoutbox=\box75
\algocf@inputbox=\box76
\AlCapSkip=\skip87
\AlCapHSkip=\skip88
\algoskipindent=\skip89
\algocf@nlbox=\box77
\algocf@hangingbox=\box78
\algocf@untilbox=\box79
\algocf@skipuntil=\skip90
\algocf@capbox=\box80
\algoheightruledefault=\skip91
\algoheightrule=\skip92
\algotitleheightruledefault=\skip93
\algotitleheightrule=\skip94
\c@algocfline=\count311
\c@algocfproc=\count312
\c@algocf=\count313
\algocf@algoframe=\box81
\algocf@algobox=\box82
)

Package hyperref Warning: Token not allowed in a PDF string (PDFDocEncoding):
(hyperref)                removing `\\' on input line 71.

(./presentationJanuary312020.aux)
\openout1 = `presentationJanuary312020.aux'.

LaTeX Font Info:    Checking defaults for OML/cmm/m/it on input line 115.
LaTeX Font Info:    ... okay on input line 115.
LaTeX Font Info:    Checking defaults for T1/cmr/m/n on input line 115.
LaTeX Font Info:    ... okay on input line 115.
LaTeX Font Info:    Checking defaults for OT1/cmr/m/n on input line 115.
LaTeX Font Info:    ... okay on input line 115.
LaTeX Font Info:    Checking defaults for OMS/cmsy/m/n on input line 115.
LaTeX Font Info:    ... okay on input line 115.
LaTeX Font Info:    Checking defaults for OMX/cmex/m/n on input line 115.
LaTeX Font Info:    ... okay on input line 115.
LaTeX Font Info:    Checking defaults for U/cmr/m/n on input line 115.
LaTeX Font Info:    ... okay on input line 115.
LaTeX Font Info:    Checking defaults for PD1/pdf/m/n on input line 115.
LaTeX Font Info:    ... okay on input line 115.

*geometry* driver: auto-detecting
*geometry* detected driver: pdftex
*geometry* verbose mode - [ preamble ] result:
* driver: pdftex
* paper: custom
* layout: <same size as paper>
* layoutoffset:(h,v)=(0.0pt,0.0pt)
* modes: includehead includefoot 
* h-part:(L,W,R)=(10.95003pt, 342.2953pt, 10.95003pt)
* v-part:(T,H,B)=(0.0pt, 273.14662pt, 0.0pt)
* \paperwidth=364.19536pt
* \paperheight=273.14662pt
* \textwidth=342.2953pt
* \textheight=244.6939pt
* \oddsidemargin=-61.31996pt
* \evensidemargin=-61.31996pt
* \topmargin=-72.26999pt
* \headheight=14.22636pt
* \headsep=0.0pt
* \topskip=11.0pt
* \footskip=14.22636pt
* \marginparwidth=4.0pt
* \marginparsep=10.0pt
* \columnsep=10.0pt
* \skip\footins=10.0pt plus 4.0pt minus 2.0pt
* \hoffset=0.0pt
* \voffset=0.0pt
* \mag=1000
* \@twocolumnfalse
* \@twosidefalse
* \@mparswitchfalse
* \@reversemarginfalse
* (1in=72.27pt=25.4mm, 1cm=28.453pt)

(/usr/share/texlive/texmf-dist/tex/context/base/supp-pdf.mkii
[Loading MPS to PDF converter (version 2006.09.02).]
\scratchcounter=\count314
\scratchdimen=\dimen296
\scratchbox=\box83
\nofMPsegments=\count315
\nofMParguments=\count316
\everyMPshowfont=\toks45
\MPscratchCnt=\count317
\MPscratchDim=\dimen297
\MPnumerator=\count318
\makeMPintoPDFobject=\count319
\everyMPtoPDFconversion=\toks46
) ABD: EveryShipout initializing macros
\AtBeginShipoutBox=\box84
Package hyperref Info: Link coloring OFF on input line 115.

(/usr/share/texlive/texmf-dist/tex/latex/hyperref/nameref.sty
Package: nameref 2012/10/27 v2.43 Cross-referencing by name of section

(/usr/share/texlive/texmf-dist/tex/generic/oberdiek/gettitlestring.sty
Package: gettitlestring 2010/12/03 v1.4 Cleanup title references (HO)
)
\c@section@level=\count320
)
LaTeX Info: Redefining \ref on input line 115.
LaTeX Info: Redefining \pageref on input line 115.
LaTeX Info: Redefining \nameref on input line 115.

(./presentationJanuary312020.out) (./presentationJanuary312020.out)
\@outlinefile=\write5
\openout5 = `presentationJanuary312020.out'.

LaTeX Font Info:    Overwriting symbol font `operators' in version `normal'
(Font)                  OT1/cmr/m/n --> OT1/cmss/m/n on input line 115.
LaTeX Font Info:    Overwriting symbol font `operators' in version `bold'
(Font)                  OT1/cmr/bx/n --> OT1/cmss/bx/n on input line 115.
\symnumbers=\mathgroup6
\sympureletters=\mathgroup7
LaTeX Font Info:    Overwriting math alphabet `\mathrm' in version `normal'
(Font)                  OT1/cmss/m/n --> OT1/cmr/m/n on input line 115.
LaTeX Font Info:    Redeclaring math alphabet \mathbf on input line 115.
LaTeX Font Info:    Overwriting math alphabet `\mathbf' in version `normal'
(Font)                  OT1/cmr/bx/n --> OT1/cmss/bx/n on input line 115.
LaTeX Font Info:    Overwriting math alphabet `\mathbf' in version `bold'
(Font)                  OT1/cmr/bx/n --> OT1/cmss/bx/n on input line 115.
LaTeX Font Info:    Redeclaring math alphabet \mathsf on input line 115.
LaTeX Font Info:    Overwriting math alphabet `\mathsf' in version `normal'
(Font)                  OT1/cmss/m/n --> OT1/cmss/m/n on input line 115.
LaTeX Font Info:    Overwriting math alphabet `\mathsf' in version `bold'
(Font)                  OT1/cmss/bx/n --> OT1/cmss/m/n on input line 115.
LaTeX Font Info:    Redeclaring math alphabet \mathit on input line 115.
LaTeX Font Info:    Overwriting math alphabet `\mathit' in version `normal'
(Font)                  OT1/cmr/m/it --> OT1/cmss/m/it on input line 115.
LaTeX Font Info:    Overwriting math alphabet `\mathit' in version `bold'
(Font)                  OT1/cmr/bx/it --> OT1/cmss/m/it on input line 115.
LaTeX Font Info:    Redeclaring math alphabet \mathtt on input line 115.
LaTeX Font Info:    Overwriting math alphabet `\mathtt' in version `normal'
(Font)                  OT1/cmtt/m/n --> OT1/cmtt/m/n on input line 115.
LaTeX Font Info:    Overwriting math alphabet `\mathtt' in version `bold'
(Font)                  OT1/cmtt/m/n --> OT1/cmtt/m/n on input line 115.
LaTeX Font Info:    Overwriting symbol font `numbers' in version `bold'
(Font)                  OT1/cmss/m/n --> OT1/cmss/bx/n on input line 115.
LaTeX Font Info:    Overwriting symbol font `pureletters' in version `bold'
(Font)                  OT1/cmss/m/it --> OT1/cmss/bx/it on input line 115.
LaTeX Font Info:    Overwriting math alphabet `\mathrm' in version `bold'
(Font)                  OT1/cmss/bx/n --> OT1/cmr/bx/n on input line 115.
LaTeX Font Info:    Overwriting math alphabet `\mathbf' in version `bold'
(Font)                  OT1/cmss/bx/n --> OT1/cmss/bx/n on input line 115.
LaTeX Font Info:    Overwriting math alphabet `\mathsf' in version `bold'
(Font)                  OT1/cmss/m/n --> OT1/cmss/bx/n on input line 115.
LaTeX Font Info:    Overwriting math alphabet `\mathit' in version `bold'
(Font)                  OT1/cmss/m/it --> OT1/cmss/bx/it on input line 115.
LaTeX Font Info:    Overwriting math alphabet `\mathtt' in version `bold'
(Font)                  OT1/cmtt/m/n --> OT1/cmtt/bx/n on input line 115.
LaTeX Font Info:    Redeclaring symbol font `pureletters' on input line 115.
LaTeX Font Info:    Overwriting symbol font `pureletters' in version `normal'
(Font)                  OT1/cmss/m/it --> OT1/mathkerncmss/m/sl on input line 1
15.
LaTeX Font Info:    Overwriting symbol font `pureletters' in version `bold'
(Font)                  OT1/cmss/bx/it --> OT1/mathkerncmss/m/sl on input line 
115.
LaTeX Font Info:    Overwriting symbol font `pureletters' in version `bold'
(Font)                  OT1/mathkerncmss/m/sl --> OT1/mathkerncmss/bx/sl on inp
ut line 115.

(/usr/share/texlive/texmf-dist/tex/latex/beamer/translator/dicts/translator-bas
ic-dictionary/translator-basic-dictionary-English.dict
Dictionary: translator-basic-dictionary, Language: English 
)
(/usr/share/texlive/texmf-dist/tex/latex/beamer/translator/dicts/translator-bib
liography-dictionary/translator-bibliography-dictionary-English.dict
Dictionary: translator-bibliography-dictionary, Language: English 
)
(/usr/share/texlive/texmf-dist/tex/latex/beamer/translator/dicts/translator-env
ironment-dictionary/translator-environment-dictionary-English.dict
Dictionary: translator-environment-dictionary, Language: English 
)
(/usr/share/texlive/texmf-dist/tex/latex/beamer/translator/dicts/translator-mon
ths-dictionary/translator-months-dictionary-English.dict
Dictionary: translator-months-dictionary, Language: English 
)
(/usr/share/texlive/texmf-dist/tex/latex/beamer/translator/dicts/translator-num
bers-dictionary/translator-numbers-dictionary-English.dict
Dictionary: translator-numbers-dictionary, Language: English 
)
(/usr/share/texlive/texmf-dist/tex/latex/beamer/translator/dicts/translator-the
orem-dictionary/translator-theorem-dictionary-English.dict
Dictionary: translator-theorem-dictionary, Language: English 
)
LaTeX Info: Redefining \includegraphics on input line 115.

ABD: EverySelectfont initializing macros
LaTeX Info: Redefining \selectfont on input line 115.
 (./presentationJanuary312020.nav)

LaTeX Font Warning: Font shape `OT1/cmss/m/n' in size <4> not available
(Font)              size <5> substituted on input line 119.

<figs/logoBU1-Print.pdf, id=37, 481.8pt x 160.6pt>
File: figs/logoBU1-Print.pdf Graphic file (type pdf)

<use figs/logoBU1-Print.pdf>
Package pdftex.def Info: figs/logoBU1-Print.pdf used on input line 119.
(pdftex.def)             Requested size: 21.33955pt x 7.11151pt.
 [1

{/var/lib/texmf/fonts/map/pdftex/updmap/pdftex.map} <./figs/logoBU1-Print.pdf>]
 (./presentationJanuary312020.toc)
File: figs/logoBU1-Print.pdf Graphic file (type pdf)

<use figs/logoBU1-Print.pdf>
Package pdftex.def Info: figs/logoBU1-Print.pdf used on input line 124.
(pdftex.def)             Requested size: 21.33955pt x 7.11151pt.
 [2

]
LaTeX Font Info:    Try loading font information for U+msa on input line 150.

(/usr/share/texlive/texmf-dist/tex/latex/amsfonts/umsa.fd
File: umsa.fd 2013/01/14 v3.01 AMS symbols A
)
LaTeX Font Info:    Try loading font information for U+msb on input line 150.

(/usr/share/texlive/texmf-dist/tex/latex/amsfonts/umsb.fd
File: umsb.fd 2013/01/14 v3.01 AMS symbols B
)
LaTeX Font Info:    Try loading font information for OT1+mathkerncmss on input 
line 150.

(/usr/share/texlive/texmf-dist/tex/latex/sansmathaccent/ot1mathkerncmss.fd
File: ot1mathkerncmss.fd 2013/03/27 Fontinst v1.933 font definitions for OT1/ma
thkerncmss.
)
File: figs/logoBU1-Print.pdf Graphic file (type pdf)

<use figs/logoBU1-Print.pdf>
Package pdftex.def Info: figs/logoBU1-Print.pdf used on input line 150.
(pdftex.def)             Requested size: 21.33955pt x 7.11151pt.
 [3

]
Package epstopdf Info: Source file: <figs/ipe/LF-Setup.eps>
(epstopdf)                    date: 2020-01-31 15:09:00
(epstopdf)                    size: 147828 bytes
(epstopdf)             Output file: <figs/ipe/LF-Setup-eps-converted-to.pdf>
(epstopdf)                    date: 2020-01-31 15:10:17
(epstopdf)                    size: 16686 bytes
(epstopdf)             Command: <repstopdf --outfile=figs/ipe/LF-Setup-eps-conv
erted-to.pdf figs/ipe/LF-Setup.eps>
(epstopdf)             \includegraphics on input line 159.
Package epstopdf Info: Output file is already uptodate.


pdfTeX warning: pdflatex (file ./figs/ipe/LF-Setup-eps-converted-to.pdf): PDF i
nclusion: found PDF version <1.7>, but at most version <1.5> allowed
<figs/ipe/LF-Setup-eps-converted-to.pdf, id=149, 347.2975pt x 328.22626pt>
File: figs/ipe/LF-Setup-eps-converted-to.pdf Graphic file (type pdf)

<use figs/ipe/LF-Setup-eps-converted-to.pdf>
Package pdftex.def Info: figs/ipe/LF-Setup-eps-converted-to.pdf used on input l
ine 159.
(pdftex.def)             Requested size: 208.3801pt x 196.93727pt.

Overfull \vbox (9.41113pt too high) detected at line 159
 []

File: figs/logoBU1-Print.pdf Graphic file (type pdf)
<use figs/logoBU1-Print.pdf>
Package pdftex.def Info: figs/logoBU1-Print.pdf used on input line 159.
(pdftex.def)             Requested size: 21.33955pt x 7.11151pt.
 [4

 <./figs/ipe/LF-Setup-eps-converted-to.pdf>]
Package epstopdf Info: Source file: <figs/matlab/gradientDescent/randomPath/tra
jectoryRandomPath.eps>
(epstopdf)                    date: 2019-11-18 16:49:33
(epstopdf)                    size: 45868 bytes
(epstopdf)             Output file: <figs/matlab/gradientDescent/randomPath/tra
jectoryRandomPath-eps-converted-to.pdf>
(epstopdf)                    date: 2019-11-22 11:16:34
(epstopdf)                    size: 14481 bytes
(epstopdf)             Command: <repstopdf --outfile=figs/matlab/gradientDescen
t/randomPath/trajectoryRandomPath-eps-converted-to.pdf figs/matlab/gradientDesc
ent/randomPath/trajectoryRandomPath.eps>
(epstopdf)             \includegraphics on input line 183.
Package epstopdf Info: Output file is already uptodate.


pdfTeX warning: pdflatex (file ./figs/matlab/gradientDescent/randomPath/traject
oryRandomPath-eps-converted-to.pdf): PDF inclusion: found PDF version <1.7>, bu
t at most version <1.5> allowed

<figs/matlab/gradientDescent/randomPath/trajectoryRandomPath-eps-converted-to.p
df, id=213, 368.37625pt x 307.1475pt>
File: figs/matlab/gradientDescent/randomPath/trajectoryRandomPath-eps-converted
-to.pdf Graphic file (type pdf)

<use figs/matlab/gradientDescent/randomPath/trajectoryRandomPath-eps-converted-
to.pdf>
Package pdftex.def Info: figs/matlab/gradientDescent/randomPath/trajectoryRando
mPath-eps-converted-to.pdf used on input line 183.
(pdftex.def)             Requested size: 128.93361pt x 107.50323pt.
Package epstopdf Info: Source file: <figs/matlab/gradientDescent/randomPath/sta
teErrorRandomPath.eps>
(epstopdf)                    date: 2019-11-18 16:49:38
(epstopdf)                    size: 163800 bytes
(epstopdf)             Output file: <figs/matlab/gradientDescent/randomPath/sta
teErrorRandomPath-eps-converted-to.pdf>
(epstopdf)                    date: 2019-11-22 11:16:34
(epstopdf)                    size: 49183 bytes
(epstopdf)             Command: <repstopdf --outfile=figs/matlab/gradientDescen
t/randomPath/stateErrorRandomPath-eps-converted-to.pdf figs/matlab/gradientDesc
ent/randomPath/stateErrorRandomPath.eps>
(epstopdf)             \includegraphics on input line 183.
Package epstopdf Info: Output file is already uptodate.


pdfTeX warning: pdflatex (file ./figs/matlab/gradientDescent/randomPath/stateEr
rorRandomPath-eps-converted-to.pdf): PDF inclusion: found PDF version <1.7>, bu
t at most version <1.5> allowed

<figs/matlab/gradientDescent/randomPath/stateErrorRandomPath-eps-converted-to.p
df, id=214, 364.36125pt x 278.03876pt>
File: figs/matlab/gradientDescent/randomPath/stateErrorRandomPath-eps-converted
-to.pdf Graphic file (type pdf)

<use figs/matlab/gradientDescent/randomPath/stateErrorRandomPath-eps-converted-
to.pdf>
Package pdftex.def Info: figs/matlab/gradientDescent/randomPath/stateErrorRando
mPath-eps-converted-to.pdf used on input line 183.
(pdftex.def)             Requested size: 163.96104pt x 125.11627pt.
File: figs/logoBU1-Print.pdf Graphic file (type pdf)
 <use figs/logoBU1-Print.pdf>
Package pdftex.def Info: figs/logoBU1-Print.pdf used on input line 183.
(pdftex.def)             Requested size: 21.33955pt x 7.11151pt.
 [5

 <./figs/matlab/gradientDescent/randomPath/trajectoryRandomPath-eps-converted-t
o.pdf> <./figs/matlab/gradientDescent/randomPath/stateErrorRandomPath-eps-conve
rted-to.pdf>]
<figs/img/eduMip.jpeg, id=251, 430.0065pt x 570.2103pt>
File: figs/img/eduMip.jpeg Graphic file (type jpg)

<use figs/img/eduMip.jpeg>
Package pdftex.def Info: figs/img/eduMip.jpeg used on input line 194.
(pdftex.def)             Requested size: 85.99977pt x 114.04004pt.
File: figs/logoBU1-Print.pdf Graphic file (type pdf)
 <use figs/logoBU1-Print.pdf>
Package pdftex.def Info: figs/logoBU1-Print.pdf used on input line 194.
(pdftex.def)             Requested size: 21.33955pt x 7.11151pt.
 [6

 <./figs/img/eduMip.jpeg>]
File: figs/logoBU1-Print.pdf Graphic file (type pdf)
 <use figs/logoBU1-Print.pdf>
Package pdftex.def Info: figs/logoBU1-Print.pdf used on input line 203.
(pdftex.def)             Requested size: 21.33955pt x 7.11151pt.
 [7

]
File: figs/logoBU1-Print.pdf Graphic file (type pdf)
 <use figs/logoBU1-Print.pdf>
Package pdftex.def Info: figs/logoBU1-Print.pdf used on input line 212.
(pdftex.def)             Requested size: 21.33955pt x 7.11151pt.
Package atenddvi Info: Last page = 8.
 [8

]
\tf@nav=\write6
\openout6 = `presentationJanuary312020.nav'.

\tf@toc=\write7
\openout7 = `presentationJanuary312020.toc'.

\tf@snm=\write8
\openout8 = `presentationJanuary312020.snm'.

Package atveryend Info: Empty hook `BeforeClearDocument' on input line 214.
Package atveryend Info: Executing hook `AfterLastShipout' on input line 214.

(./presentationJanuary312020.aux)
Package atveryend Info: Executing hook `AtVeryEndDocument' on input line 214.
Package atveryend Info: Executing hook `AtEndAfterFileList' on input line 214.
Package rerunfilecheck Info: File `presentationJanuary312020.out' has not chang
ed.
(rerunfilecheck)             Checksum: CEE3B1B85AA889C7638936D4FDE9902A;220.


LaTeX Font Warning: Size substitutions with differences
(Font)              up to 1.0pt have occurred.

Package atveryend Info: Empty hook `AtVeryVeryEnd' on input line 214.
 ) 
Here is how much of TeX's memory you used:
 29580 strings out of 493029
 597364 string characters out of 6136234
 643208 words of memory out of 5000000
 32549 multiletter control sequences out of 15000+600000
 12190 words of font info for 44 fonts, out of 8000000 for 9000
 1141 hyphenation exceptions out of 8191
 56i,16n,59p,10387b,700s stack positions out of 5000i,500n,10000p,200000b,80000s
</usr/share/texlive/texmf-dist/fonts/type1/public/amsfonts/cm/cmex10.pfb></us
r/share/texlive/texmf-dist/fonts/type1/public/amsfonts/cm/cmmi10.pfb></usr/shar
e/texlive/texmf-dist/fonts/type1/public/amsfonts/cm/cmmi8.pfb></usr/share/texli
ve/texmf-dist/fonts/type1/public/amsfonts/cm/cmss10.pfb></usr/share/texlive/tex
mf-dist/fonts/type1/public/amsfonts/cm/cmss12.pfb></usr/share/texlive/texmf-dis
t/fonts/type1/public/amsfonts/cm/cmss17.pfb></usr/share/texlive/texmf-dist/font
s/type1/public/amsfonts/cm/cmss8.pfb></usr/share/texlive/texmf-dist/fonts/type1
/public/amsfonts/cm/cmssbx10.pfb></usr/share/texlive/texmf-dist/fonts/type1/pub
lic/amsfonts/cm/cmssi10.pfb></usr/share/texlive/texmf-dist/fonts/type1/public/a
msfonts/cm/cmssi8.pfb></usr/share/texlive/texmf-dist/fonts/type1/public/amsfont
s/cm/cmsy10.pfb></usr/share/texlive/texmf-dist/fonts/type1/public/amsfonts/cm/c
msy6.pfb>
Output written on presentationJanuary312020.pdf (8 pages, 2102014 bytes).
PDF statistics:
 381 PDF objects out of 1000 (max. 8388607)
 323 compressed objects within 4 object streams
 23 named destinations out of 1000 (max. 500000)
 130 words of extra memory for PDF output out of 10000 (max. 10000000)

