\BOOKMARK [0][]{chapter*.1}{Index}{}% 1
\BOOKMARK [0][]{chapter*.3}{Friday, March 13, 2018}{}% 2
\BOOKMARK [1][]{experiment.1.1}{Notation}{chapter*.3}% 3
\BOOKMARK [0][]{chapter*.4}{Thursday, 14 September 2017}{}% 4
\BOOKMARK [1][]{experiment.2.1}{meeting1}{chapter*.4}% 5
\BOOKMARK [0][]{chapter*.5}{Friday, 15 September 2017}{}% 6
\BOOKMARK [1][]{experiment.3.1}{meeting1}{chapter*.5}% 7
\BOOKMARK [0][]{chapter*.6}{Monday, 18 September 2017}{}% 8
\BOOKMARK [1][]{experiment.4.1}{lab1}{chapter*.6}% 9
\BOOKMARK [0][]{chapter*.7}{Wednesday, 20 September 2017}{}% 10
\BOOKMARK [1][]{experiment.5.1}{lab1}{chapter*.7}% 11
\BOOKMARK [0][]{chapter*.8}{Friday, 22 September 2017}{}% 12
\BOOKMARK [1][]{experiment.6.1}{lab1}{chapter*.8}% 13
\BOOKMARK [1][]{experiment.6.2}{meeting1}{chapter*.8}% 14
\BOOKMARK [0][]{chapter*.9}{Monday, 25 September 2017}{}% 15
\BOOKMARK [1][]{experiment.7.1}{lab1}{chapter*.9}% 16
\BOOKMARK [0][]{chapter*.10}{Wednesday, 27 September 2017}{}% 17
\BOOKMARK [1][]{experiment.8.1}{lab1}{chapter*.10}% 18
\BOOKMARK [1][]{experiment.8.2}{derivation1}{chapter*.10}% 19
\BOOKMARK [0][]{chapter*.11}{Thursday, 28 September 2017}{}% 20
